This is LuaTeX, Version 0.95.0 (TeX Live 2016/W32TeX)  (format=lualatex 2016.10.10)  19 FEB 2018 15:49
 restricted system commands enabled.
**v15
(c:/texlive/2016/texmf-dist/tex/latex/tools/x.tex
LaTeX2e <2016/03/31> patch level 3
Babel <3.9r> and hyphenation patterns for 1 language(s) loaded.

! .
l.38   \batchmode \errmessage{}
                             \csname @@end\endcsname \end
This error message was generated by an \errmessage
command, so I can't give any explicit help.
Pretend that you're Hercule Poirot: Examine all clues,
and deduce the truth by order and method.

)

Here is how much of LuaTeX's memory you used:
 7 strings out of 495118
 100000,89155 words of node,token memory allocated
 238 words of node memory still in use:
   2 glue, 32 glue_spec nodes
   avail lists: 2:12,3:1,4:1,5:1
 3673 multiletter control sequences out of 65536+600000
 14 fonts using 418143 bytes
 5i,0n,1p,82b,15s stack positions out of 5000i,500n,10000p,200000b,100000s

warning  (pdf backend): no pages of output.

PDF statistics: 0 PDF objects out of 1000 (max. 8388607)
 0 named destinations out of 1000 (max. 131072)
 1 words of extra memory for PDF output out of 10000 (max. 10000000)

